[INFO] Error stacktraces are turned on.
[INFO] Scanning for projects...
achou:/home/mopuser/workspace/loadLibrary.csv
Modifying surefire to add Java-MOP...
=====Version:: 3.2.2
=====Version:: [default-test]
[INFO] 
[INFO] -------------------< org.asteriskjava:asterisk-java >-------------------
[INFO] Building Asterisk-Java 3.39.0
[INFO]   from pom.xml
[INFO] --------------------------------[ jar ]---------------------------------
[INFO] 
[INFO] --- resources:3.3.1:resources (default-resources) @ asterisk-java ---
[INFO] skip non existing resourceDirectory /home/mopuser/workspace/asterisk-java/src/main/resources
[INFO] 
[INFO] --- compiler:3.11.0:compile (default-compile) @ asterisk-java ---
[INFO] Nothing to compile - all classes are up to date
[INFO] 
[INFO] --- bnd:6.4.0:bnd-process (default) @ asterisk-java ---
[INFO] 
[INFO] --- resources:3.3.1:testResources (default-testResources) @ asterisk-java ---
[INFO] Copying 6 resources from src/test/resources to target/test-classes
[INFO] 
[INFO] --- compiler:3.11.0:testCompile (default-testCompile) @ asterisk-java ---
[INFO] Nothing to compile - all classes are up to date
[INFO] 
[INFO] --- surefire:3.2.2:test (default-test) @ asterisk-java ---
[INFO] Surefire report directory: /home/mopuser/workspace/asterisk-java/target/surefire-reports
[INFO] Using auto detected provider org.apache.maven.surefire.junit4.JUnit4Provider
[INFO] 
[INFO] -------------------------------------------------------
[INFO]  T E S T S
[INFO] -------------------------------------------------------
